0 info it worked if it ends with ok
1 verbose cli [ '/Users/dsiwiec/.nvm/versions/node/v6.2.0/bin/node',
1 verbose cli   '/Users/dsiwiec/.nvm/versions/node/v6.2.0/bin/npm',
1 verbose cli   'publish' ]
2 info using npm@3.8.9
3 info using node@v6.2.0
4 verbose publish [ '.' ]
5 silly cache add args [ '.', null ]
6 verbose cache add spec .
7 silly cache add parsed spec Result {
7 silly cache add   raw: '.',
7 silly cache add   scope: null,
7 silly cache add   name: null,
7 silly cache add   rawSpec: '.',
7 silly cache add   spec: '/Users/dsiwiec/workspace/private/js/parse-coords',
7 silly cache add   type: 'directory' }
8 verbose addLocalDirectory /Users/dsiwiec/.npm/parse-coords/0.1.0/package.tgz not in flight; packing
9 verbose correctMkdir /Users/dsiwiec/.npm correctMkdir not in flight; initializing
10 info lifecycle parse-coords@0.1.0~prepublish: parse-coords@0.1.0
11 silly lifecycle parse-coords@0.1.0~prepublish: no script for prepublish, continuing
12 verbose tar pack [ '/Users/dsiwiec/.npm/parse-coords/0.1.0/package.tgz',
12 verbose tar pack   '/Users/dsiwiec/workspace/private/js/parse-coords' ]
13 verbose tarball /Users/dsiwiec/.npm/parse-coords/0.1.0/package.tgz
14 verbose folder /Users/dsiwiec/workspace/private/js/parse-coords
15 verbose addLocalTarball adding from inside cache /Users/dsiwiec/.npm/parse-coords/0.1.0/package.tgz
16 verbose correctMkdir /Users/dsiwiec/.npm correctMkdir not in flight; initializing
17 silly cache afterAdd parse-coords@0.1.0
18 verbose afterAdd /Users/dsiwiec/.npm/parse-coords/0.1.0/package/package.json not in flight; writing
19 verbose correctMkdir /Users/dsiwiec/.npm correctMkdir not in flight; initializing
20 verbose afterAdd /Users/dsiwiec/.npm/parse-coords/0.1.0/package/package.json written
21 silly publish { name: 'parse-coords',
21 silly publish   version: '0.1.0',
21 silly publish   description: 'Parse string coordinates',
21 silly publish   main: 'index.js',
21 silly publish   scripts: { test: 'jasmine' },
21 silly publish   repository:
21 silly publish    { type: 'git',
21 silly publish      url: 'git+https://github.com/danielsiwiec/parse-coords.git' },
21 silly publish   keywords: [ 'coordinates', 'utm', 'latitude', 'longitude', 'latlong' ],
21 silly publish   author:
21 silly publish    { name: 'Dan Siwiec',
21 silly publish      email: 'daniel.siwiec@gmail.com',
21 silly publish      url: 'http://danoncoding.com' },
21 silly publish   license: 'ISC',
21 silly publish   bugs: { url: 'https://github.com/danielsiwiec/parse-coords/issues' },
21 silly publish   homepage: 'https://github.com/danielsiwiec/parse-coords#readme',
21 silly publish   dependencies: { utm: '^1.0.1' },
21 silly publish   devDependencies:
21 silly publish    { 'babel-core': '^6.10.4',
21 silly publish      'babel-preset-es2015': '^6.9.0',
21 silly publish      jasmine: '^2.4.1' },
21 silly publish   babel: { presets: [ 'es2015' ] },
21 silly publish   readme: '# parse-coords\n\nParse DD, DDM, DMS or UTM coordinates into a `{lat, long}`\n\n## Usage\n\n```\nnpm install --save parse-coords\n```\n\n```javascript\nimport coordinates from \'parse-coords\'\n\ncoordinates(\'41.40338, 2.17403\') // {lat: 41.40338, lng: 2.17403}\n\ncoordinates(`41°24\'12.2"N 2°10\'26.5"E`) // {lat: 41.40339, lng: 2.17403}\n\ncoordinates(\'31T 430959.5858286716 4583866.770942634\') // {lat: 41.40338, lng: 2.17403}\n\ncoordinates(\'foo N bar S\') // null\n```\n',
21 silly publish   readmeFilename: 'README.md',
21 silly publish   gitHead: '5d5f74b730110d2f49aed0d43ae75f392937cbfb',
21 silly publish   _id: 'parse-coords@0.1.0',
21 silly publish   _shasum: 'ecabc1ede6a5149379f0081207d1babdaacce751',
21 silly publish   _from: '.' }
22 verbose getPublishConfig undefined
23 silly mapToRegistry name parse-coords
24 silly mapToRegistry using default registry
25 silly mapToRegistry registry https://registry.npmjs.org/
26 silly mapToRegistry data Result {
26 silly mapToRegistry   raw: 'parse-coords',
26 silly mapToRegistry   scope: null,
26 silly mapToRegistry   name: 'parse-coords',
26 silly mapToRegistry   rawSpec: '',
26 silly mapToRegistry   spec: 'latest',
26 silly mapToRegistry   type: 'tag' }
27 silly mapToRegistry uri https://registry.npmjs.org/parse-coords
28 verbose publish registryBase https://registry.npmjs.org/
29 silly publish uploading /Users/dsiwiec/.npm/parse-coords/0.1.0/package.tgz
30 verbose request uri https://registry.npmjs.org/parse-coords
31 verbose request sending authorization for write operation
32 info attempt registry request try #1 at 12:12:43 AM
33 verbose request id c8aae9ce44deedd0
34 http request PUT https://registry.npmjs.org/parse-coords
35 http 403 https://registry.npmjs.org/parse-coords
36 verbose headers { 'content-type': 'application/json',
36 verbose headers   'cache-control': 'max-age=300',
36 verbose headers   'content-length': '95',
36 verbose headers   'accept-ranges': 'bytes',
36 verbose headers   date: 'Fri, 01 Jul 2016 07:12:44 GMT',
36 verbose headers   via: '1.1 varnish',
36 verbose headers   connection: 'keep-alive',
36 verbose headers   'x-served-by': 'cache-dfw1832-DFW',
36 verbose headers   'x-cache': 'MISS',
36 verbose headers   'x-cache-hits': '0',
36 verbose headers   'x-timer': 'S1467357163.561729,VS0,VE1033',
36 verbose headers   vary: 'Accept-Encoding' }
37 verbose request invalidating /Users/dsiwiec/.npm/registry.npmjs.org/parse-coords on PUT
38 error publish Failed PUT 403
39 verbose stack Error: "You cannot publish over the previously published version 0.1.0." : parse-coords
39 verbose stack     at makeError (/Users/dsiwiec/.nvm/versions/node/v6.2.0/lib/node_modules/npm/node_modules/npm-registry-client/lib/request.js:264:12)
39 verbose stack     at CachingRegistryClient.<anonymous> (/Users/dsiwiec/.nvm/versions/node/v6.2.0/lib/node_modules/npm/node_modules/npm-registry-client/lib/request.js:252:14)
39 verbose stack     at Request._callback (/Users/dsiwiec/.nvm/versions/node/v6.2.0/lib/node_modules/npm/node_modules/npm-registry-client/lib/request.js:172:14)
39 verbose stack     at Request.self.callback (/Users/dsiwiec/.nvm/versions/node/v6.2.0/lib/node_modules/npm/node_modules/request/request.js:200:22)
39 verbose stack     at emitTwo (events.js:106:13)
39 verbose stack     at Request.emit (events.js:191:7)
39 verbose stack     at Request.<anonymous> (/Users/dsiwiec/.nvm/versions/node/v6.2.0/lib/node_modules/npm/node_modules/request/request.js:1067:10)
39 verbose stack     at emitOne (events.js:101:20)
39 verbose stack     at Request.emit (events.js:188:7)
39 verbose stack     at IncomingMessage.<anonymous> (/Users/dsiwiec/.nvm/versions/node/v6.2.0/lib/node_modules/npm/node_modules/request/request.js:988:12)
40 verbose statusCode 403
41 verbose pkgid parse-coords
42 verbose cwd /Users/dsiwiec/workspace/private/js/parse-coords
43 error Darwin 15.5.0
44 error argv "/Users/dsiwiec/.nvm/versions/node/v6.2.0/bin/node" "/Users/dsiwiec/.nvm/versions/node/v6.2.0/bin/npm" "publish"
45 error node v6.2.0
46 error npm  v3.8.9
47 error code E403
48 error "You cannot publish over the previously published version 0.1.0." : parse-coords
49 error If you need help, you may report this error at:
49 error     <https://github.com/npm/npm/issues>
50 verbose exit [ 1, true ]
